<?xml version="1.0" encoding="UTF-8"?>
<testng-results skipped="0" failed="0" ignored="0" total="2" passed="2">
  <reporter-output>
  </reporter-output>
  <suite name="Default suite" duration-ms="25904" started-at="2018-08-07T15:35:13Z" finished-at="2018-08-07T15:35:39Z">
    <groups>
    </groups>
    <test name="Default test" duration-ms="25904" started-at="2018-08-07T15:35:13Z" finished-at="2018-08-07T15:35:39Z">
      <class name="student.MyMaven.TestScript">
        <test-method status="PASS" signature="launch()[pri:0, instance:student.MyMaven.TestScript@19e13df]" name="launch" is-config="true" duration-ms="6884" started-at="2018-08-07T21:05:13Z" finished-at="2018-08-07T21:05:20Z">
          <reporter-output>
          </reporter-output>
        </test-method> <!-- launch -->
        <test-method status="PASS" signature="checkFail()[pri:0, instance:student.MyMaven.TestScript@19e13df]" name="checkFail" duration-ms="35" started-at="2018-08-07T21:05:20Z" finished-at="2018-08-07T21:05:20Z">
          <reporter-output>
          </reporter-output>
        </test-method> <!-- checkFail -->
        <test-method status="PASS" signature="launch()[pri:0, instance:student.MyMaven.TestScript@19e13df]" name="launch" is-config="true" duration-ms="3594" started-at="2018-08-07T21:05:20Z" finished-at="2018-08-07T21:05:23Z">
          <reporter-output>
          </reporter-output>
        </test-method> <!-- launch -->
        <test-method status="PASS" signature="checkHome()[pri:0, instance:student.MyMaven.TestScript@19e13df]" name="checkHome" duration-ms="13635" started-at="2018-08-07T21:05:23Z" finished-at="2018-08-07T21:05:37Z">
          <reporter-output>
          </reporter-output>
        </test-method> <!-- checkHome -->
        <test-method status="PASS" signature="tearDown()[pri:0, instance:student.MyMaven.TestScript@19e13df]" name="tearDown" is-config="true" duration-ms="1696" started-at="2018-08-07T21:05:37Z" finished-at="2018-08-07T21:05:39Z">
          <reporter-output>
          </reporter-output>
        </test-method> <!-- tearDown -->
      </class> <!-- student.MyMaven.TestScript -->
    </test> <!-- Default test -->
  </suite> <!-- Default suite -->
</testng-results>
